#
# A fatal error has been detected by the Java Runtime Environment:
#
#  SIGBUS (0xa) at pc=0x000000010350b9f2, pid=66064, tid=0x0000000000004203
#
# JRE version: OpenJDK Runtime Environment (Zulu 8.58.0.13-CA-macosx) (8.0_312-b07) (build 1.8.0_312-b07)
# Java VM: OpenJDK 64-Bit Server VM (25.312-b07 mixed mode bsd-amd64 compressed oops)
# Problematic frame:
# C  [libzip.dylib+0x39f2]  newEntry+0x5d
#
# Failed to write core dump. Core dumps have been disabled. To enable core dumping, try "ulimit -c unlimited" before starting Java again
#
# If you would like to submit a bug report, please visit:
#   http://www.azul.com/support/
# The crash happened outside the Java Virtual Machine in native code.
# See problematic frame for where to report the bug.
#

---------------  T H R E A D  ---------------

Current thread (0x00007fc41e491800):  JavaThread "ForkJoinPool.commonPool-worker-1" daemon [_thread_in_native, id=16899, stack(0x00007000052a2000,0x00007000053a2000)]

siginfo: si_signo: 10 (SIGBUS), si_code: 2 (BUS_ADRERR), si_addr: 0x000000010b8e81a1

Registers:
RAX=0x0000000000000000, RBX=0x0000000000000000, RCX=0x00006000037baa30, RDX=0x000000009aa23081
RSP=0x000070000539c120, RBP=0x000070000539c1a0, RSI=0x0000000000000081, RDI=0x0000000103449000
R8 =0x000027fc66dbaa30, R9 =0x0000000000000032, R10=0x000000010c3a5f18, R11=0x00006ff86bb30240
R12=0x00006000037baa30, R13=0x000000010b8e8185, R14=0x00007fc41fc3a730, R15=0x0000600002f38750
RIP=0x000000010350b9f2, EFLAGS=0x0000000000010202, ERR=0x0000000000000004
  TRAPNO=0x000000000000000e

Top of Stack: (sp=0x000070000539c120)
0x000070000539c120:   000070001c0cea58 00007000098231f0
0x000070000539c130:   000070001c058148 000070001c057678
0x000070000539c140:   000000000539c150 00000001047debc9
0x000070000539c150:   000070000539c180 00000001046cae38
0x000070000539c160:   000000010499f6c8 0000600003a25800
0x000070000539c170:   0000600002f38750 00000000c20f95f7
0x000070000539c180:   00007fc41fc37000 00006000037b5e50
0x000070000539c190:   0000000000003730 000070000539c210
0x000070000539c1a0:   000070000539c1f0 000000010350b8b4
0x000070000539c1b0:   0000000000000032 000000010539c210
0x000070000539c1c0:   0000600002f38750 000070000539c210
0x000070000539c1d0:   00007fc41e491a58 0000000000000032
0x000070000539c1e0:   000070000539c668 0000600002f38750
0x000070000539c1f0:   000070000539c650 000000010350a255
0x000070000539c200:   000070001c0c9ad8 00000001097d82c8
0x000070000539c210:   6b726f772f6d6f63 757063772f796164
0x000070000539c220:   63732f646d702f69 6f72702f74706972
0x000070000539c230:   50747865542f7978 616c632e79786f72
0x000070000539c240:   000000011c007373 000060001c054698
0x000070000539c250:   000070000539c2a0 00007ff8116b4275
0x000070000539c260:   000070000539c3a0 000000071c058ca8
0x000070000539c270:   0000000000000000 0000000000000000
0x000070000539c280:   000000010483129b 0000000000000000
0x000070000539c290:   000000000000003a 0000000100000000
0x000070000539c2a0:   000070000539c640 00007ff8116b3b63
0x000070000539c2b0:   00007fc41c0546b8 000000011c0cb8e8
0x000070000539c2c0:   00007fc41c054758 0000000000000000
0x000070000539c2d0:   000070001c0546d8 000000011c058128
0x000070000539c2e0:   00007fc41c053698 000000071c0cb928
0x000070000539c2f0:   00007fc41e491800 00007ff811733a59
0x000070000539c300:   0000000000000000 000000011c05aa68
0x000070000539c310:   000070000539c748 0000000000000001 

Instructions: (pc=0x000000010350b9f2)
0x000000010350b9d2:   24 28 41 80 7f 30 00 89 5d a4 0f 84 ec 00 00 00
0x000000010350b9e2:   4d 8b 6f 18 4d 03 6e 08 4d 2b 6f 28 4c 89 7d d0
0x000000010350b9f2:   41 0f b6 45 1c 45 0f b6 75 1d 49 c1 e6 08 49 09
0x000000010350ba02:   c6 41 0f b6 45 1e 48 89 45 b0 41 0f b6 45 1f 48 

Register to memory mapping:

RAX=0x0000000000000000 is an unknown value
RBX=0x0000000000000000 is an unknown value
RCX=0x00006000037baa30 is an unknown value
RDX=0x000000009aa23081 is an unknown value
RSP=0x000070000539c120 is pointing into the stack for thread: 0x00007fc41e491800
RBP=0x000070000539c1a0 is pointing into the stack for thread: 0x00007fc41e491800
RSI=0x0000000000000081 is an unknown value
RDI=0x0000000103449000 is an unknown value
R8 =0x000027fc66dbaa30 is an unknown value
R9 =0x0000000000000032 is an unknown value
R10=0x000000010c3a5f18 is at entry_point+88 in (nmethod*)0x000000010c3a5d50
R11=0x00006ff86bb30240 is an unknown value
R12=0x00006000037baa30 is an unknown value
R13=0x000000010b8e8185 is an unknown value
R14=0x00007fc41fc3a730 is an unknown value
R15=0x0000600002f38750 is an unknown value


Stack: [0x00007000052a2000,0x00007000053a2000],  sp=0x000070000539c120,  free space=1000k
Native frames: (J=compiled Java code, j=interpreted, Vv=VM code, C=native code)
C  [libzip.dylib+0x39f2]  newEntry+0x5d
C  [libzip.dylib+0x38b4]  ZIP_GetEntry2+0x101
C  [libzip.dylib+0x2255]  Java_java_util_zip_ZipFile_getEntry+0x97
J 173  java.util.zip.ZipFile.getEntry(J[BZ)J (0 bytes) @ 0x000000010c3a5f8e [0x000000010c3a5ec0+0xce]
J 2615 C2 sun.misc.URLClassPath.getResource(Ljava/lang/String;Z)Lsun/misc/Resource; (83 bytes) @ 0x000000010cb35c24 [0x000000010cb35540+0x6e4]
J 177 C1 java.net.URLClassLoader$1.run()Ljava/lang/Class; (81 bytes) @ 0x000000010c3a7dfc [0x000000010c3a7be0+0x21c]
J 176 C1 java.net.URLClassLoader$1.run()Ljava/lang/Object; (5 bytes) @ 0x000000010c3a780c [0x000000010c3a7780+0x8c]
v  ~StubRoutines::call_stub
V  [libjvm.dylib+0x2d7e24]
V  [libjvm.dylib+0x349e5d]
J 170  java.security.AccessController.doPrivileged(Ljava/security/PrivilegedExceptionAction;Ljava/security/AccessControlContext;)Ljava/lang/Object; (0 bytes) @ 0x000000010c3a1e15 [0x000000010c3a1d40+0xd5]
J 1665 C2 java.lang.ClassLoader.loadClass(Ljava/lang/String;Z)Ljava/lang/Class; (122 bytes) @ 0x000000010c7a2140 [0x000000010c7a1420+0xd20]
J 1801 C2 java.lang.ClassLoader.loadClass(Ljava/lang/String;)Ljava/lang/Class; (7 bytes) @ 0x000000010c7d9cd0 [0x000000010c7d9b00+0x1d0]
v  ~StubRoutines::call_stub
V  [libjvm.dylib+0x2d7e24]
V  [libjvm.dylib+0x2d6c7e]
V  [libjvm.dylib+0x2d6ee2]
V  [libjvm.dylib+0x54fb07]
V  [libjvm.dylib+0x54ecac]
V  [libjvm.dylib+0x54e38f]
V  [libjvm.dylib+0x598652]
V  [libjvm.dylib+0x5a6ed0]
V  [libjvm.dylib+0x59b032]
V  [libjvm.dylib+0x599070]
V  [libjvm.dylib+0x598c7d]
V  [libjvm.dylib+0x29f3c7]
V  [libjvm.dylib+0x29fd5c]
V  [libjvm.dylib+0x34cb04]
V  [libjvm.dylib+0x34ca18]
J 2253  java.lang.Class.getDeclaredMethods0(Z)[Ljava/lang/reflect/Method; (0 bytes) @ 0x000000010c9449e8 [0x000000010c944940+0xa8]
J 1388 C1 java.lang.Class.privateGetDeclaredMethods(Z)[Ljava/lang/reflect/Method; (67 bytes) @ 0x000000010c6b3cfc [0x000000010c6b39e0+0x31c]
j  java.lang.Class.privateGetPublicMethods()[Ljava/lang/reflect/Method;+33
j  java.lang.Class.getMethods()[Ljava/lang/reflect/Method;+10
j  com.workday.wcpui.pmd.script.ScriptConfig.lambda$processWhitelist$0(Ljava/lang/Class;)V+10
j  com.workday.wcpui.pmd.script.ScriptConfig$$Lambda$160.accept(Ljava/lang/Object;)V+8
j  java.lang.Iterable.forEach(Ljava/util/function/Consumer;)V+30
j  com.workday.wcpui.pmd.script.ScriptConfig.processWhitelist()V+9
j  com.workday.wcpui.pmd.script.ScriptConfig.<init>()V+27
j  com.workday.wcpui.doctor.pmd.validator.wel.WelPredefined.createPredefinedScriptMethods()Lcom/google/common/collect/Multimap;+4
j  com.workday.wcpui.doctor.pmd.validator.wel.WelPredefined.getPredefinedScriptMethods()Lcom/google/common/collect/Multimap;+6
j  com.workday.wcpui.doctor.pmd.validator.wel.ScriptValidatingVisitor.validatePredefinedFunctionInvocation(Lorg/apache/commons/jexl3/parser/ASTFunctionNode;Lorg/apache/commons/jexl3/parser/ASTIdentifier;Ljava/util/List;)V+0
j  com.workday.wcpui.doctor.pmd.validator.wel.ScriptValidatingVisitor.validateFunctionInvocation(Lorg/apache/commons/jexl3/parser/ASTFunctionNode;Ljava/util/List;)V+29
j  com.workday.wcpui.doctor.pmd.validator.wel.ScriptValidatingVisitor.visit(Lorg/apache/commons/jexl3/parser/ASTFunctionNode;Ljava/lang/Object;)Ljava/lang/Object;+6
j  org.apache.commons.jexl3.parser.ASTFunctionNode.jjtAccept(Lorg/apache/commons/jexl3/parser/ParserVisitor;Ljava/lang/Object;)Ljava/lang/Object;+3
j  org.apache.commons.jexl3.parser.SimpleNode.childrenAccept(Lorg/apache/commons/jexl3/parser/ParserVisitor;Ljava/lang/Object;)Ljava/lang/Object;+26
j  org.apache.commons.jexl3.internal.ScriptVisitor.visitNode(Lorg/apache/commons/jexl3/parser/JexlNode;Ljava/lang/Object;)Ljava/lang/Object;+3
j  org.apache.commons.jexl3.internal.ScriptVisitor.visit(Lorg/apache/commons/jexl3/parser/ASTAddNode;Ljava/lang/Object;)Ljava/lang/Object;+3
j  org.apache.commons.jexl3.parser.ASTAddNode.jjtAccept(Lorg/apache/commons/jexl3/parser/ParserVisitor;Ljava/lang/Object;)Ljava/lang/Object;+3
j  org.apache.commons.jexl3.parser.SimpleNode.childrenAccept(Lorg/apache/commons/jexl3/parser/ParserVisitor;Ljava/lang/Object;)Ljava/lang/Object;+26
j  org.apache.commons.jexl3.internal.ScriptVisitor.visitNode(Lorg/apache/commons/jexl3/parser/JexlNode;Ljava/lang/Object;)Ljava/lang/Object;+3
j  org.apache.commons.jexl3.internal.ScriptVisitor.visit(Lorg/apache/commons/jexl3/parser/ASTReturnStatement;Ljava/lang/Object;)Ljava/lang/Object;+3
j  org.apache.commons.jexl3.parser.ASTReturnStatement.jjtAccept(Lorg/apache/commons/jexl3/parser/ParserVisitor;Ljava/lang/Object;)Ljava/lang/Object;+3
j  org.apache.commons.jexl3.parser.SimpleNode.childrenAccept(Lorg/apache/commons/jexl3/parser/ParserVisitor;Ljava/lang/Object;)Ljava/lang/Object;+26
j  org.apache.commons.jexl3.internal.ScriptVisitor.visitNode(Lorg/apache/commons/jexl3/parser/JexlNode;Ljava/lang/Object;)Ljava/lang/Object;+3
j  org.apache.commons.jexl3.internal.ScriptVisitor.visit(Lorg/apache/commons/jexl3/parser/ASTBlock;Ljava/lang/Object;)Ljava/lang/Object;+3
j  org.apache.commons.jexl3.parser.ASTBlock.jjtAccept(Lorg/apache/commons/jexl3/parser/ParserVisitor;Ljava/lang/Object;)Ljava/lang/Object;+3
j  org.apache.commons.jexl3.parser.SimpleNode.childrenAccept(Lorg/apache/commons/jexl3/parser/ParserVisitor;Ljava/lang/Object;)Ljava/lang/Object;+26
j  org.apache.commons.jexl3.internal.ScriptVisitor.visitNode(Lorg/apache/commons/jexl3/parser/JexlNode;Ljava/lang/Object;)Ljava/lang/Object;+3
j  com.workday.wcpui.doctor.pmd.validator.wel.ScriptValidatingVisitor.visit(Lorg/apache/commons/jexl3/parser/ASTJexlScript;Ljava/lang/Object;)Ljava/lang/Object;+89
j  org.apache.commons.jexl3.parser.ASTJexlScript.jjtAccept(Lorg/apache/commons/jexl3/parser/ParserVisitor;Ljava/lang/Object;)Ljava/lang/Object;+3
j  org.apache.commons.jexl3.parser.SimpleNode.childrenAccept(Lorg/apache/commons/jexl3/parser/ParserVisitor;Ljava/lang/Object;)Ljava/lang/Object;+26
j  org.apache.commons.jexl3.internal.ScriptVisitor.visitNode(Lorg/apache/commons/jexl3/parser/JexlNode;Ljava/lang/Object;)Ljava/lang/Object;+3
j  org.apache.commons.jexl3.internal.ScriptVisitor.visit(Lorg/apache/commons/jexl3/parser/ASTAssignment;Ljava/lang/Object;)Ljava/lang/Object;+3
j  org.apache.commons.jexl3.parser.ASTAssignment.jjtAccept(Lorg/apache/commons/jexl3/parser/ParserVisitor;Ljava/lang/Object;)Ljava/lang/Object;+3
j  org.apache.commons.jexl3.parser.SimpleNode.childrenAccept(Lorg/apache/commons/jexl3/parser/ParserVisitor;Ljava/lang/Object;)Ljava/lang/Object;+26
j  org.apache.commons.jexl3.internal.ScriptVisitor.visitNode(Lorg/apache/commons/jexl3/parser/JexlNode;Ljava/lang/Object;)Ljava/lang/Object;+3
j  com.workday.wcpui.doctor.pmd.validator.wel.ScriptValidatingVisitor.visit(Lorg/apache/commons/jexl3/parser/ASTJexlScript;Ljava/lang/Object;)Ljava/lang/Object;+89
j  org.apache.commons.jexl3.parser.ASTJexlScript.jjtAccept(Lorg/apache/commons/jexl3/parser/ParserVisitor;Ljava/lang/Object;)Ljava/lang/Object;+3
j  com.workday.wcpui.doctor.pmd.validator.wel.PmdWelSyntaxValidator.verifyASTScript(Ljava/lang/String;Ljava/lang/Object;Ljava/lang/Object;Ljava/lang/reflect/Field;Ljava/util/List;)V+80
j  com.workday.wcpui.doctor.pmd.validator.wel.PmdWelSyntaxValidator.lambda$validatePmdObject$0(Ljava/util/List;Lcom/workday/wcpui/doctor/pmd/validator/wel/WelPmdTagValidator$FieldFunctionParam;)Ljava/lang/Void;+147
j  com.workday.wcpui.doctor.pmd.validator.wel.PmdWelSyntaxValidator$$Lambda$119.apply(Ljava/lang/Object;)Ljava/lang/Object;+12
J 3653 C1 com.workday.wcpui.doctor.pmd.validator.wel.WelPmdTagValidator.applyValidationToField(Ljava/lang/reflect/Field;Ljava/lang/Object;Ljava/util/function/Function;)V (215 bytes) @ 0x000000010c5c9ee4 [0x000000010c5c97c0+0x724]
j  com.workday.wcpui.doctor.pmd.validator.wel.WelPmdTagValidator.applyValidationToAllBindingFields(Ljava/lang/Object;Ljava/util/function/Function;)V+66
j  com.workday.wcpui.doctor.pmd.validator.wel.PmdWelSyntaxValidator.validatePmdObject(Ljava/lang/Object;)Ljava/util/List;+17
j  com.workday.wcpui.doctor.pmd.validator.wel.WelPmdTagValidator.validateEndPoints(Lcom/workday/wcpui/pmd/tag/EndPoint;Ljava/lang/Integer;)Ljava/util/List;+11
j  com.workday.wcpui.doctor.pmd.validator.wel.PmdWelSyntaxValidator.validateEndPoints(Lcom/workday/wcpui/pmd/tag/EndPoint;Ljava/lang/Integer;)Ljava/util/List;+3
j  com.workday.wcpui.doctor.pmd.PmdValidator.lambda$null$5(Lcom/workday/wcpui/pmd/tag/EndPoint;Ljava/lang/Integer;Lcom/workday/wcpui/doctor/pmd/validator/PmdTagValidator;)Ljava/util/List;+3
j  com.workday.wcpui.doctor.pmd.PmdValidator$$Lambda$107.apply(Ljava/lang/Object;)Ljava/lang/Object;+12
J 3128 C2 java.util.stream.ReferencePipeline$3$1.accept(Ljava/lang/Object;)V (23 bytes) @ 0x000000010c53d400 [0x000000010c53d240+0x1c0]
J 3686 C1 java.util.ArrayList$ArrayListSpliterator.forEachRemaining(Ljava/util/function/Consumer;)V (129 bytes) @ 0x000000010c767614 [0x000000010c767500+0x114]
J 1432 C1 java.util.stream.AbstractPipeline.copyInto(Ljava/util/stream/Sink;Ljava/util/Spliterator;)V (53 bytes) @ 0x000000010c6d50ac [0x000000010c6d4bc0+0x4ec]
J 3431 C1 java.util.stream.AbstractPipeline.wrapAndCopyInto(Ljava/util/stream/Sink;Ljava/util/Spliterator;)Ljava/util/stream/Sink; (18 bytes) @ 0x000000010c6083bc [0x000000010c608320+0x9c]
J 1419 C1 java.util.stream.ReduceOps$ReduceOp.evaluateSequential(Ljava/util/stream/PipelineHelper;Ljava/util/Spliterator;)Ljava/lang/Object; (18 bytes) @ 0x000000010c6c6bdc [0x000000010c6c6a20+0x1bc]
J 1415 C1 java.util.stream.AbstractPipeline.evaluate(Ljava/util/stream/TerminalOp;)Ljava/lang/Object; (94 bytes) @ 0x000000010c6ca324 [0x000000010c6c9e40+0x4e4]
J 3492 C1 java.util.stream.ReferencePipeline.collect(Ljava/util/stream/Collector;)Ljava/lang/Object; (124 bytes) @ 0x000000010c63e2f4 [0x000000010c63e160+0x194]
j  com.workday.wcpui.doctor.pmd.PmdValidator.lambda$getEndpointValidatorFunction$6(Ljava/util/List;Lcom/workday/wcpui/pmd/tag/EndPoint;Ljava/lang/Integer;)Ljava/util/List;+31
j  com.workday.wcpui.doctor.pmd.PmdValidator$$Lambda$103.apply(Ljava/lang/Object;Ljava/lang/Object;)Ljava/lang/Object;+12
j  com.workday.wcpui.doctor.pmd.PmdTraverser.lambda$traverseInboundEndPoints$3(Ljava/util/function/BiFunction;Lcom/workday/wcpui/pmd/tag/Pmd;Ljava/lang/Integer;)Ljava/lang/Object;+15
j  com.workday.wcpui.doctor.pmd.PmdTraverser$$Lambda$106.apply(Ljava/lang/Object;)Ljava/lang/Object;+12
J 3128 C2 java.util.stream.ReferencePipeline$3$1.accept(Ljava/lang/Object;)V (23 bytes) @ 0x000000010c53d400 [0x000000010c53d240+0x1c0]
j  java.util.stream.IntPipeline$4$1.accept(I)V+17
j  java.util.stream.Streams$RangeIntSpliterator.forEachRemaining(Ljava/util/function/IntConsumer;)V+44
j  java.util.Spliterator$OfInt.forEachRemaining(Ljava/util/function/Consumer;)V+12
J 1432 C1 java.util.stream.AbstractPipeline.copyInto(Ljava/util/stream/Sink;Ljava/util/Spliterator;)V (53 bytes) @ 0x000000010c6d50ac [0x000000010c6d4bc0+0x4ec]
J 3431 C1 java.util.stream.AbstractPipeline.wrapAndCopyInto(Ljava/util/stream/Sink;Ljava/util/Spliterator;)Ljava/util/stream/Sink; (18 bytes) @ 0x000000010c6083bc [0x000000010c608320+0x9c]
J 1419 C1 java.util.stream.ReduceOps$ReduceOp.evaluateSequential(Ljava/util/stream/PipelineHelper;Ljava/util/Spliterator;)Ljava/lang/Object; (18 bytes) @ 0x000000010c6c6bdc [0x000000010c6c6a20+0x1bc]
J 1415 C1 java.util.stream.AbstractPipeline.evaluate(Ljava/util/stream/TerminalOp;)Ljava/lang/Object; (94 bytes) @ 0x000000010c6ca324 [0x000000010c6c9e40+0x4e4]
J 3492 C1 java.util.stream.ReferencePipeline.collect(Ljava/util/stream/Collector;)Ljava/lang/Object; (124 bytes) @ 0x000000010c63e2f4 [0x000000010c63e160+0x194]
j  com.workday.wcpui.doctor.pmd.PmdTraverser.traverseInboundEndPoints(Lcom/workday/wcpui/pmd/tag/Pmd;Ljava/util/function/BiFunction;)Ljava/util/List;+44
j  com.workday.wcpui.doctor.pmd.PmdValidator.validatePmd(Lcom/fasterxml/jackson/databind/JsonNode;Lcom/workday/wookie/parse/PmdJson;Lcom/workday/wcpui/doctor/pmd/PmdValidationContext;)Lcom/workday/wcpui/doctor/pmd/validator/PmdNodeValidationResult;+485
...<more frames>...

Java frames: (J=compiled Java code, j=interpreted, Vv=VM code)
J 173  java.util.zip.ZipFile.getEntry(J[BZ)J (0 bytes) @ 0x000000010c3a5f18 [0x000000010c3a5ec0+0x58]
J 2615 C2 sun.misc.URLClassPath.getResource(Ljava/lang/String;Z)Lsun/misc/Resource; (83 bytes) @ 0x000000010cb35c24 [0x000000010cb35540+0x6e4]
J 177 C1 java.net.URLClassLoader$1.run()Ljava/lang/Class; (81 bytes) @ 0x000000010c3a7dfc [0x000000010c3a7be0+0x21c]
J 176 C1 java.net.URLClassLoader$1.run()Ljava/lang/Object; (5 bytes) @ 0x000000010c3a780c [0x000000010c3a7780+0x8c]
v  ~StubRoutines::call_stub
J 170  java.security.AccessController.doPrivileged(Ljava/security/PrivilegedExceptionAction;Ljava/security/AccessControlContext;)Ljava/lang/Object; (0 bytes) @ 0x000000010c3a1da3 [0x000000010c3a1d40+0x63]
J 1665 C2 java.lang.ClassLoader.loadClass(Ljava/lang/String;Z)Ljava/lang/Class; (122 bytes) @ 0x000000010c7a2140 [0x000000010c7a1420+0xd20]
J 1801 C2 java.lang.ClassLoader.loadClass(Ljava/lang/String;)Ljava/lang/Class; (7 bytes) @ 0x000000010c7d9cd0 [0x000000010c7d9b00+0x1d0]
v  ~StubRoutines::call_stub
J 2253  java.lang.Class.getDeclaredMethods0(Z)[Ljava/lang/reflect/Method; (0 bytes) @ 0x000000010c944978 [0x000000010c944940+0x38]
J 1388 C1 java.lang.Class.privateGetDeclaredMethods(Z)[Ljava/lang/reflect/Method; (67 bytes) @ 0x000000010c6b3cfc [0x000000010c6b39e0+0x31c]
j  java.lang.Class.privateGetPublicMethods()[Ljava/lang/reflect/Method;+33
j  java.lang.Class.getMethods()[Ljava/lang/reflect/Method;+10
j  com.workday.wcpui.pmd.script.ScriptConfig.lambda$processWhitelist$0(Ljava/lang/Class;)V+10
j  com.workday.wcpui.pmd.script.ScriptConfig$$Lambda$160.accept(Ljava/lang/Object;)V+8
j  java.lang.Iterable.forEach(Ljava/util/function/Consumer;)V+30
j  com.workday.wcpui.pmd.script.ScriptConfig.processWhitelist()V+9
j  com.workday.wcpui.pmd.script.ScriptConfig.<init>()V+27
j  com.workday.wcpui.doctor.pmd.validator.wel.WelPredefined.createPredefinedScriptMethods()Lcom/google/common/collect/Multimap;+4
j  com.workday.wcpui.doctor.pmd.validator.wel.WelPredefined.getPredefinedScriptMethods()Lcom/google/common/collect/Multimap;+6
j  com.workday.wcpui.doctor.pmd.validator.wel.ScriptValidatingVisitor.validatePredefinedFunctionInvocation(Lorg/apache/commons/jexl3/parser/ASTFunctionNode;Lorg/apache/commons/jexl3/parser/ASTIdentifier;Ljava/util/List;)V+0
j  com.workday.wcpui.doctor.pmd.validator.wel.ScriptValidatingVisitor.validateFunctionInvocation(Lorg/apache/commons/jexl3/parser/ASTFunctionNode;Ljava/util/List;)V+29
j  com.workday.wcpui.doctor.pmd.validator.wel.ScriptValidatingVisitor.visit(Lorg/apache/commons/jexl3/parser/ASTFunctionNode;Ljava/lang/Object;)Ljava/lang/Object;+6
j  org.apache.commons.jexl3.parser.ASTFunctionNode.jjtAccept(Lorg/apache/commons/jexl3/parser/ParserVisitor;Ljava/lang/Object;)Ljava/lang/Object;+3
j  org.apache.commons.jexl3.parser.SimpleNode.childrenAccept(Lorg/apache/commons/jexl3/parser/ParserVisitor;Ljava/lang/Object;)Ljava/lang/Object;+26
j  org.apache.commons.jexl3.internal.ScriptVisitor.visitNode(Lorg/apache/commons/jexl3/parser/JexlNode;Ljava/lang/Object;)Ljava/lang/Object;+3
j  org.apache.commons.jexl3.internal.ScriptVisitor.visit(Lorg/apache/commons/jexl3/parser/ASTAddNode;Ljava/lang/Object;)Ljava/lang/Object;+3
j  org.apache.commons.jexl3.parser.ASTAddNode.jjtAccept(Lorg/apache/commons/jexl3/parser/ParserVisitor;Ljava/lang/Object;)Ljava/lang/Object;+3
j  org.apache.commons.jexl3.parser.SimpleNode.childrenAccept(Lorg/apache/commons/jexl3/parser/ParserVisitor;Ljava/lang/Object;)Ljava/lang/Object;+26
j  org.apache.commons.jexl3.internal.ScriptVisitor.visitNode(Lorg/apache/commons/jexl3/parser/JexlNode;Ljava/lang/Object;)Ljava/lang/Object;+3
j  org.apache.commons.jexl3.internal.ScriptVisitor.visit(Lorg/apache/commons/jexl3/parser/ASTReturnStatement;Ljava/lang/Object;)Ljava/lang/Object;+3
j  org.apache.commons.jexl3.parser.ASTReturnStatement.jjtAccept(Lorg/apache/commons/jexl3/parser/ParserVisitor;Ljava/lang/Object;)Ljava/lang/Object;+3
j  org.apache.commons.jexl3.parser.SimpleNode.childrenAccept(Lorg/apache/commons/jexl3/parser/ParserVisitor;Ljava/lang/Object;)Ljava/lang/Object;+26
j  org.apache.commons.jexl3.internal.ScriptVisitor.visitNode(Lorg/apache/commons/jexl3/parser/JexlNode;Ljava/lang/Object;)Ljava/lang/Object;+3
j  org.apache.commons.jexl3.internal.ScriptVisitor.visit(Lorg/apache/commons/jexl3/parser/ASTBlock;Ljava/lang/Object;)Ljava/lang/Object;+3
j  org.apache.commons.jexl3.parser.ASTBlock.jjtAccept(Lorg/apache/commons/jexl3/parser/ParserVisitor;Ljava/lang/Object;)Ljava/lang/Object;+3
j  org.apache.commons.jexl3.parser.SimpleNode.childrenAccept(Lorg/apache/commons/jexl3/parser/ParserVisitor;Ljava/lang/Object;)Ljava/lang/Object;+26
j  org.apache.commons.jexl3.internal.ScriptVisitor.visitNode(Lorg/apache/commons/jexl3/parser/JexlNode;Ljava/lang/Object;)Ljava/lang/Object;+3
j  com.workday.wcpui.doctor.pmd.validator.wel.ScriptValidatingVisitor.visit(Lorg/apache/commons/jexl3/parser/ASTJexlScript;Ljava/lang/Object;)Ljava/lang/Object;+89
j  org.apache.commons.jexl3.parser.ASTJexlScript.jjtAccept(Lorg/apache/commons/jexl3/parser/ParserVisitor;Ljava/lang/Object;)Ljava/lang/Object;+3
j  org.apache.commons.jexl3.parser.SimpleNode.childrenAccept(Lorg/apache/commons/jexl3/parser/ParserVisitor;Ljava/lang/Object;)Ljava/lang/Object;+26
j  org.apache.commons.jexl3.internal.ScriptVisitor.visitNode(Lorg/apache/commons/jexl3/parser/JexlNode;Ljava/lang/Object;)Ljava/lang/Object;+3
j  org.apache.commons.jexl3.internal.ScriptVisitor.visit(Lorg/apache/commons/jexl3/parser/ASTAssignment;Ljava/lang/Object;)Ljava/lang/Object;+3
j  org.apache.commons.jexl3.parser.ASTAssignment.jjtAccept(Lorg/apache/commons/jexl3/parser/ParserVisitor;Ljava/lang/Object;)Ljava/lang/Object;+3
j  org.apache.commons.jexl3.parser.SimpleNode.childrenAccept(Lorg/apache/commons/jexl3/parser/ParserVisitor;Ljava/lang/Object;)Ljava/lang/Object;+26
j  org.apache.commons.jexl3.internal.ScriptVisitor.visitNode(Lorg/apache/commons/jexl3/parser/JexlNode;Ljava/lang/Object;)Ljava/lang/Object;+3
j  com.workday.wcpui.doctor.pmd.validator.wel.ScriptValidatingVisitor.visit(Lorg/apache/commons/jexl3/parser/ASTJexlScript;Ljava/lang/Object;)Ljava/lang/Object;+89
j  org.apache.commons.jexl3.parser.ASTJexlScript.jjtAccept(Lorg/apache/commons/jexl3/parser/ParserVisitor;Ljava/lang/Object;)Ljava/lang/Object;+3
j  com.workday.wcpui.doctor.pmd.validator.wel.PmdWelSyntaxValidator.verifyASTScript(Ljava/lang/String;Ljava/lang/Object;Ljava/lang/Object;Ljava/lang/reflect/Field;Ljava/util/List;)V+80
j  com.workday.wcpui.doctor.pmd.validator.wel.PmdWelSyntaxValidator.lambda$validatePmdObject$0(Ljava/util/List;Lcom/workday/wcpui/doctor/pmd/validator/wel/WelPmdTagValidator$FieldFunctionParam;)Ljava/lang/Void;+147
j  com.workday.wcpui.doctor.pmd.validator.wel.PmdWelSyntaxValidator$$Lambda$119.apply(Ljava/lang/Object;)Ljava/lang/Object;+12
J 3653 C1 com.workday.wcpui.doctor.pmd.validator.wel.WelPmdTagValidator.applyValidationToField(Ljava/lang/reflect/Field;Ljava/lang/Object;Ljava/util/function/Function;)V (215 bytes) @ 0x000000010c5c9ee4 [0x000000010c5c97c0+0x724]
j  com.workday.wcpui.doctor.pmd.validator.wel.WelPmdTagValidator.applyValidationToAllBindingFields(Ljava/lang/Object;Ljava/util/function/Function;)V+66
j  com.workday.wcpui.doctor.pmd.validator.wel.PmdWelSyntaxValidator.validatePmdObject(Ljava/lang/Object;)Ljava/util/List;+17
j  com.workday.wcpui.doctor.pmd.validator.wel.WelPmdTagValidator.validateEndPoints(Lcom/workday/wcpui/pmd/tag/EndPoint;Ljava/lang/Integer;)Ljava/util/List;+11
j  com.workday.wcpui.doctor.pmd.validator.wel.PmdWelSyntaxValidator.validateEndPoints(Lcom/workday/wcpui/pmd/tag/EndPoint;Ljava/lang/Integer;)Ljava/util/List;+3
j  com.workday.wcpui.doctor.pmd.PmdValidator.lambda$null$5(Lcom/workday/wcpui/pmd/tag/EndPoint;Ljava/lang/Integer;Lcom/workday/wcpui/doctor/pmd/validator/PmdTagValidator;)Ljava/util/List;+3
j  com.workday.wcpui.doctor.pmd.PmdValidator$$Lambda$107.apply(Ljava/lang/Object;)Ljava/lang/Object;+12
J 3128 C2 java.util.stream.ReferencePipeline$3$1.accept(Ljava/lang/Object;)V (23 bytes) @ 0x000000010c53d400 [0x000000010c53d240+0x1c0]
J 3686 C1 java.util.ArrayList$ArrayListSpliterator.forEachRemaining(Ljava/util/function/Consumer;)V (129 bytes) @ 0x000000010c767614 [0x000000010c767500+0x114]
J 1432 C1 java.util.stream.AbstractPipeline.copyInto(Ljava/util/stream/Sink;Ljava/util/Spliterator;)V (53 bytes) @ 0x000000010c6d50ac [0x000000010c6d4bc0+0x4ec]
J 3431 C1 java.util.stream.AbstractPipeline.wrapAndCopyInto(Ljava/util/stream/Sink;Ljava/util/Spliterator;)Ljava/util/stream/Sink; (18 bytes) @ 0x000000010c6083bc [0x000000010c608320+0x9c]
J 1419 C1 java.util.stream.ReduceOps$ReduceOp.evaluateSequential(Ljava/util/stream/PipelineHelper;Ljava/util/Spliterator;)Ljava/lang/Object; (18 bytes) @ 0x000000010c6c6bdc [0x000000010c6c6a20+0x1bc]
J 1415 C1 java.util.stream.AbstractPipeline.evaluate(Ljava/util/stream/TerminalOp;)Ljava/lang/Object; (94 bytes) @ 0x000000010c6ca324 [0x000000010c6c9e40+0x4e4]
J 3492 C1 java.util.stream.ReferencePipeline.collect(Ljava/util/stream/Collector;)Ljava/lang/Object; (124 bytes) @ 0x000000010c63e2f4 [0x000000010c63e160+0x194]
j  com.workday.wcpui.doctor.pmd.PmdValidator.lambda$getEndpointValidatorFunction$6(Ljava/util/List;Lcom/workday/wcpui/pmd/tag/EndPoint;Ljava/lang/Integer;)Ljava/util/List;+31
j  com.workday.wcpui.doctor.pmd.PmdValidator$$Lambda$103.apply(Ljava/lang/Object;Ljava/lang/Object;)Ljava/lang/Object;+12
j  com.workday.wcpui.doctor.pmd.PmdTraverser.lambda$traverseInboundEndPoints$3(Ljava/util/function/BiFunction;Lcom/workday/wcpui/pmd/tag/Pmd;Ljava/lang/Integer;)Ljava/lang/Object;+15
j  com.workday.wcpui.doctor.pmd.PmdTraverser$$Lambda$106.apply(Ljava/lang/Object;)Ljava/lang/Object;+12
J 3128 C2 java.util.stream.ReferencePipeline$3$1.accept(Ljava/lang/Object;)V (23 bytes) @ 0x000000010c53d400 [0x000000010c53d240+0x1c0]
j  java.util.stream.IntPipeline$4$1.accept(I)V+17
j  java.util.stream.Streams$RangeIntSpliterator.forEachRemaining(Ljava/util/function/IntConsumer;)V+44
j  java.util.Spliterator$OfInt.forEachRemaining(Ljava/util/function/Consumer;)V+12
J 1432 C1 java.util.stream.AbstractPipeline.copyInto(Ljava/util/stream/Sink;Ljava/util/Spliterator;)V (53 bytes) @ 0x000000010c6d50ac [0x000000010c6d4bc0+0x4ec]
J 3431 C1 java.util.stream.AbstractPipeline.wrapAndCopyInto(Ljava/util/stream/Sink;Ljava/util/Spliterator;)Ljava/util/stream/Sink; (18 bytes) @ 0x000000010c6083bc [0x000000010c608320+0x9c]
J 1419 C1 java.util.stream.ReduceOps$ReduceOp.evaluateSequential(Ljava/util/stream/PipelineHelper;Ljava/util/Spliterator;)Ljava/lang/Object; (18 bytes) @ 0x000000010c6c6bdc [0x000000010c6c6a20+0x1bc]
J 1415 C1 java.util.stream.AbstractPipeline.evaluate(Ljava/util/stream/TerminalOp;)Ljava/lang/Object; (94 bytes) @ 0x000000010c6ca324 [0x000000010c6c9e40+0x4e4]
J 3492 C1 java.util.stream.ReferencePipeline.collect(Ljava/util/stream/Collector;)Ljava/lang/Object; (124 bytes) @ 0x000000010c63e2f4 [0x000000010c63e160+0x194]
j  com.workday.wcpui.doctor.pmd.PmdTraverser.traverseInboundEndPoints(Lcom/workday/wcpui/pmd/tag/Pmd;Ljava/util/function/BiFunction;)Ljava/util/List;+44
j  com.workday.wcpui.doctor.pmd.PmdValidator.validatePmd(Lcom/fasterxml/jackson/databind/JsonNode;Lcom/workday/wookie/parse/PmdJson;Lcom/workday/wcpui/doctor/pmd/PmdValidationContext;)Lcom/workday/wcpui/doctor/pmd/validator/PmdNodeValidationResult;+485
j  com.workday.wcpui.doctor.ParsedApplicationValidator.validatePmds(Ljava/util/Map;Lcom/workday/wcpui/doctor/pmd/PmdValidationContext;)Ljava/util/Map;+109
j  com.workday.wcpui.doctor.ParsedApplicationValidator.validatePmdsAndPods(Lcom/workday/wcpui/doctor/ParsedApplicationSource;Lcom/workday/wcpui/doctor/ApplicationValidationResult;)Lcom/workday/wcpui/doctor/pmd/PmdValidationContext;+48
j  com.workday.wcpui.doctor.ParsedApplicationValidator.partialValidation(Lcom/workday/wcpui/doctor/ParsedApplicationSource;)Lcom/workday/wcpui/doctor/ApplicationValidationResult;+11
j  com.workday.wookie.ls.capabilities.diagnostics.PmdDoctorLspAdapter.validateApplication(Lcom/workday/wookie/ls/ApplicationSource;Lcom/workday/wookie/ls/capabilities/diagnostics/DiagnosticLevel;)Lcom/workday/wcpui/doctor/ApplicationValidationResult;+989
j  com.workday.wookie.ls.capabilities.diagnostics.DiagnosticCreator.diagnoseApplication(Lcom/workday/wookie/ls/ApplicationSource;Lcom/workday/wookie/ls/capabilities/diagnostics/DiagnosticLevel;)Ljava/util/List;+21
j  com.workday.wookie.ls.capabilities.diagnostics.ApplicationDiagnoser.diagnoseApplication(Lcom/workday/wookie/ls/ApplicationSource;Lcom/workday/wookie/ls/capabilities/diagnostics/DiagnosticLevel;)Ljava/util/List;+987
j  com.workday.wookie.ls.capabilities.diagnostics.ApplicationDiagnoser.diagnoseApplication$default(Lcom/workday/wookie/ls/capabilities/diagnostics/ApplicationDiagnoser;Lcom/workday/wookie/ls/ApplicationSource;Lcom/workday/wookie/ls/capabilities/diagnostics/DiagnosticLevel;ILjava/lang/Object;)Ljava/util/List;+13
j  com.workday.wookie.ls.WorkspaceInitializer.initializeWorkspace(Ljava/io/File;)Lcom/workday/wookie/ls/InitializationResult;+116
j  com.workday.wookie.ls.PmdLanguageServer.publishDiagnostics$lambda-4(Ljava/io/File;Lcom/workday/wookie/ls/PmdLanguageServer;)V+22
j  com.workday.wookie.ls.PmdLanguageServer$$Lambda$24.run()V+8
j  com.workday.wookie.ls.JsonNotificationExecutor.runWithErrorHandling(Ljava/lang/Runnable;)V+8
j  com.workday.wookie.ls.PmdLanguageServer.publishDiagnostics(Ljava/io/File;)V+10
j  com.workday.wookie.ls.PmdLanguageServer.publishDiagnosticsAsync$lambda-2(Lcom/workday/wookie/ls/PmdLanguageServer;Ljava/io/File;)V+16
j  com.workday.wookie.ls.PmdLanguageServer$$Lambda$23.run()V+8
j  java.util.concurrent.CompletableFuture$AsyncRun.run()V+36
j  java.util.concurrent.CompletableFuture$AsyncRun.exec()Z+1
j  java.util.concurrent.ForkJoinTask.doExec()I+10
j  java.util.concurrent.ForkJoinPool$WorkQueue.runTask(Ljava/util/concurrent/ForkJoinTask;)V+21
j  java.util.concurrent.ForkJoinPool.runWorker(Ljava/util/concurrent/ForkJoinPool$WorkQueue;)V+35
j  java.util.concurrent.ForkJoinWorkerThread.run()V+24
v  ~StubRoutines::call_stub

---------------  P R O C E S S  ---------------

Java Threads: ( => current thread )
=>0x00007fc41e491800 JavaThread "ForkJoinPool.commonPool-worker-1" daemon [_thread_in_native, id=16899, stack(0x00007000052a2000,0x00007000053a2000)]
  0x00007fc41cdae000 JavaThread "DestroyJavaVM" [_thread_blocked, id=10243, stack(0x000070000426f000,0x000070000436f000)]
  0x00007fc41c85f800 JavaThread "pool-1-thread-1" [_thread_blocked, id=19975, stack(0x000070000519f000,0x000070000529f000)]
  0x00007fc41c897800 JavaThread "Service Thread" daemon [_thread_blocked, id=17667, stack(0x0000700004f99000,0x0000700005099000)]
  0x00007fc41e02d800 JavaThread "C1 CompilerThread2" daemon [_thread_blocked, id=18179, stack(0x0000700004e96000,0x0000700004f96000)]
  0x00007fc41c894800 JavaThread "C2 CompilerThread1" daemon [_thread_in_native, id=18691, stack(0x0000700004d93000,0x0000700004e93000)]
  0x00007fc41e048000 JavaThread "C2 CompilerThread0" daemon [_thread_in_native, id=19203, stack(0x0000700004c90000,0x0000700004d90000)]
  0x00007fc41e03d800 JavaThread "Signal Dispatcher" daemon [_thread_blocked, id=19459, stack(0x0000700004b8d000,0x0000700004c8d000)]
  0x00007fc41d817000 JavaThread "Finalizer" daemon [_thread_blocked, id=20483, stack(0x0000700004984000,0x0000700004a84000)]
  0x00007fc41d816000 JavaThread "Reference Handler" daemon [_thread_blocked, id=11523, stack(0x0000700004881000,0x0000700004981000)]

Other Threads:
  0x00007fc41e021000 VMThread [stack: 0x000070000477e000,0x000070000487e000] [id=20995]
  0x00007fc41e030000 WatcherThread [stack: 0x000070000509c000,0x000070000519c000] [id=17411]

VM state:not at safepoint (normal execution)

VM Mutex/Monitor currently owned by a thread: None

heap address: 0x0000000740000000, size: 2048 MB, Compressed Oops mode: Zero based, Oop shift amount: 3
Narrow klass base: 0x0000000000000000, Narrow klass shift: 3
Compressed class space size: 1073741824 Address: 0x00000007c0000000

Heap:
 PSYoungGen      total 577536K, used 84345K [0x0000000795580000, 0x00000007bff00000, 0x00000007c0000000)
  eden space 566272K, 12% used [0x0000000795580000,0x0000000799ce1af8,0x00000007b7e80000)
  from space 11264K, 99% used [0x00000007bf400000,0x00000007bfefca88,0x00000007bff00000)
  to   space 14848K, 0% used [0x00000007be200000,0x00000007be200000,0x00000007bf080000)
 ParOldGen       total 71680K, used 23241K [0x0000000740000000, 0x0000000744600000, 0x0000000795580000)
  object space 71680K, 32% used [0x0000000740000000,0x00000007416b24f0,0x0000000744600000)
 Metaspace       used 28094K, capacity 28820K, committed 28928K, reserved 1075200K
  class space    used 3356K, capacity 3520K, committed 3584K, reserved 1048576K

Card table byte_map: [0x00000001038d7000,0x0000000103cd8000] byte_map_base: 0x00000000ffed7000

Marking Bits: (ParMarkBitMap*) 0x000000010497d948
 Begin Bits: [0x000000010508d000, 0x000000010708d000)
 End Bits:   [0x000000010708d000, 0x000000010908d000)

Polling page: 0x0000000103451000

CodeCache: size=245760Kb used=10803Kb max_used=10803Kb free=234956Kb
 bounds [0x000000010c23b000, 0x000000010ccdb000, 0x000000011b23b000]
 total_blobs=3642 nmethods=3223 adapters=331
 compilation: enabled

Compilation events (10 events):
Event: 17.921 Thread 0x00007fc41e02d800 3774       2       com.google.common.collect.Sets$3$1::computeNext (48 bytes)
Event: 17.922 Thread 0x00007fc41e02d800 nmethod 3774 0x000000010ccd2c10 code [0x000000010ccd2da0, 0x000000010ccd3048]
Event: 17.922 Thread 0x00007fc41e02d800 3775       2       org.reflections.Reflections::expandSupertypes (86 bytes)
Event: 17.923 Thread 0x00007fc41e02d800 nmethod 3775 0x000000010ccd3190 code [0x000000010ccd3380, 0x000000010ccd37d8]
Event: 17.947 Thread 0x00007fc41e02d800 3780       2       java.lang.Class$MethodArray::addIfNotPresent (47 bytes)
Event: 17.996 Thread 0x00007fc41e02d800 nmethod 3780 0x000000010ccd3e50 code [0x000000010ccd3fe0, 0x000000010ccd4258]
Event: 17.996 Thread 0x00007fc41e02d800 3782   !   2       java.lang.reflect.Executable::declaredAnnotations (82 bytes)
Event: 17.997 Thread 0x00007fc41e02d800 nmethod 3782 0x000000010ccd4410 code [0x000000010ccd45e0, 0x000000010ccd4a88]
Event: 17.997 Thread 0x00007fc41e02d800 3781       2       java.lang.Class$MethodArray::removeByNameAndDescriptor (42 bytes)
Event: 17.997 Thread 0x00007fc41e02d800 nmethod 3781 0x000000010ccd4e90 code [0x000000010ccd5020, 0x000000010ccd5278]

GC Heap History (10 events):
Event: 9.579 GC heap before
{Heap before GC invocations=9 (full 0):
 PSYoungGen      total 273408K, used 273077K [0x0000000795580000, 0x00000007a6b80000, 0x00000007c0000000)
  eden space 265216K, 100% used [0x0000000795580000,0x00000007a5880000,0x00000007a5880000)
  from space 8192K, 95% used [0x00000007a6180000,0x00000007a692d6d8,0x00000007a6980000)
  to   space 9216K, 0% used [0x00000007a5880000,0x00000007a5880000,0x00000007a6180000)
 ParOldGen       total 87552K, used 4728K [0x0000000740000000, 0x0000000745580000, 0x0000000795580000)
  object space 87552K, 5% used [0x0000000740000000,0x000000074049e168,0x0000000745580000)
 Metaspace       used 18328K, capacity 18560K, committed 18944K, reserved 1067008K
  class space    used 2124K, capacity 2198K, committed 2304K, reserved 1048576K
Event: 9.612 GC heap after
Heap after GC invocations=9 (full 0):
 PSYoungGen      total 274432K, used 9216K [0x0000000795580000, 0x00000007b0b00000, 0x00000007c0000000)
  eden space 265216K, 0% used [0x0000000795580000,0x0000000795580000,0x00000007a5880000)
  from space 9216K, 100% used [0x00000007a5880000,0x00000007a6180000,0x00000007a6180000)
  to   space 11776K, 0% used [0x00000007aff80000,0x00000007aff80000,0x00000007b0b00000)
 ParOldGen       total 87552K, used 6893K [0x0000000740000000, 0x0000000745580000, 0x0000000795580000)
  object space 87552K, 7% used [0x0000000740000000,0x00000007406bb420,0x0000000745580000)
 Metaspace       used 18328K, capacity 18560K, committed 18944K, reserved 1067008K
  class space    used 2124K, capacity 2198K, committed 2304K, reserved 1048576K
}
Event: 11.256 GC heap before
{Heap before GC invocations=10 (full 0):
 PSYoungGen      total 274432K, used 274432K [0x0000000795580000, 0x00000007b0b00000, 0x00000007c0000000)
  eden space 265216K, 100% used [0x0000000795580000,0x00000007a5880000,0x00000007a5880000)
  from space 9216K, 100% used [0x00000007a5880000,0x00000007a6180000,0x00000007a6180000)
  to   space 11776K, 0% used [0x00000007aff80000,0x00000007aff80000,0x00000007b0b00000)
 ParOldGen       total 87552K, used 6893K [0x0000000740000000, 0x0000000745580000, 0x0000000795580000)
  object space 87552K, 7% used [0x0000000740000000,0x00000007406bb420,0x0000000745580000)
 Metaspace       used 18624K, capacity 18810K, committed 19200K, reserved 1067008K
  class space    used 2161K, capacity 2233K, committed 2304K, reserved 1048576K
Event: 11.296 GC heap after
Heap after GC invocations=10 (full 0):
 PSYoungGen      total 436224K, used 7126K [0x0000000795580000, 0x00000007b0b00000, 0x00000007c0000000)
  eden space 424448K, 0% used [0x0000000795580000,0x0000000795580000,0x00000007af400000)
  from space 11776K, 60% used [0x00000007aff80000,0x00000007b0675838,0x00000007b0b00000)
  to   space 11776K, 0% used [0x00000007af400000,0x00000007af400000,0x00000007aff80000)
 ParOldGen       total 87552K, used 12453K [0x0000000740000000, 0x0000000745580000, 0x0000000795580000)
  object space 87552K, 14% used [0x0000000740000000,0x0000000740c29420,0x0000000745580000)
 Metaspace       used 18624K, capacity 18810K, committed 19200K, reserved 1067008K
  class space    used 2161K, capacity 2233K, committed 2304K, reserved 1048576K
}
Event: 13.675 GC heap before
{Heap before GC invocations=11 (full 0):
 PSYoungGen      total 436224K, used 312826K [0x0000000795580000, 0x00000007b0b00000, 0x00000007c0000000)
  eden space 424448K, 72% used [0x0000000795580000,0x00000007a8009130,0x00000007af400000)
  from space 11776K, 60% used [0x00000007aff80000,0x00000007b0675838,0x00000007b0b00000)
  to   space 11776K, 0% used [0x00000007af400000,0x00000007af400000,0x00000007aff80000)
 ParOldGen       total 87552K, used 12453K [0x0000000740000000, 0x0000000745580000, 0x0000000795580000)
  object space 87552K, 14% used [0x0000000740000000,0x0000000740c29420,0x0000000745580000)
 Metaspace       used 20945K, capacity 21178K, committed 21296K, reserved 1069056K
  class space    used 2464K, capacity 2545K, committed 2560K, reserved 1048576K
Event: 13.714 GC heap after
Heap after GC invocations=11 (full 0):
 PSYoungGen      total 436224K, used 6424K [0x0000000795580000, 0x00000007bff00000, 0x00000007c0000000)
  eden space 424448K, 0% used [0x0000000795580000,0x0000000795580000,0x00000007af400000)
  from space 11776K, 54% used [0x00000007af400000,0x00000007afa463a0,0x00000007aff80000)
  to   space 11264K, 0% used [0x00000007bf400000,0x00000007bf400000,0x00000007bff00000)
 ParOldGen       total 87552K, used 16753K [0x0000000740000000, 0x0000000745580000, 0x0000000795580000)
  object space 87552K, 19% used [0x0000000740000000,0x000000074105c430,0x0000000745580000)
 Metaspace       used 20945K, capacity 21178K, committed 21296K, reserved 1069056K
  class space    used 2464K, capacity 2545K, committed 2560K, reserved 1048576K
}
Event: 13.714 GC heap before
{Heap before GC invocations=12 (full 1):
 PSYoungGen      total 436224K, used 6424K [0x0000000795580000, 0x00000007bff00000, 0x00000007c0000000)
  eden space 424448K, 0% used [0x0000000795580000,0x0000000795580000,0x00000007af400000)
  from space 11776K, 54% used [0x00000007af400000,0x00000007afa463a0,0x00000007aff80000)
  to   space 11264K, 0% used [0x00000007bf400000,0x00000007bf400000,0x00000007bff00000)
 ParOldGen       total 87552K, used 16753K [0x0000000740000000, 0x0000000745580000, 0x0000000795580000)
  object space 87552K, 19% used [0x0000000740000000,0x000000074105c430,0x0000000745580000)
 Metaspace       used 20945K, capacity 21178K, committed 21296K, reserved 1069056K
  class space    used 2464K, capacity 2545K, committed 2560K, reserved 1048576K
Event: 13.908 GC heap after
Heap after GC invocations=12 (full 1):
 PSYoungGen      total 436224K, used 0K [0x0000000795580000, 0x00000007bff00000, 0x00000007c0000000)
  eden space 424448K, 0% used [0x0000000795580000,0x0000000795580000,0x00000007af400000)
  from space 11776K, 0% used [0x00000007af400000,0x00000007af400000,0x00000007aff80000)
  to   space 11264K, 0% used [0x00000007bf400000,0x00000007bf400000,0x00000007bff00000)
 ParOldGen       total 71680K, used 18693K [0x0000000740000000, 0x0000000744600000, 0x0000000795580000)
  object space 71680K, 26% used [0x0000000740000000,0x0000000741241798,0x0000000744600000)
 Metaspace       used 20945K, capacity 21178K, committed 21296K, reserved 1069056K
  class space    used 2464K, capacity 2545K, committed 2560K, reserved 1048576K
}
Event: 17.714 GC heap before
{Heap before GC invocations=13 (full 1):
 PSYoungGen      total 436224K, used 424448K [0x0000000795580000, 0x00000007bff00000, 0x00000007c0000000)
  eden space 424448K, 100% used [0x0000000795580000,0x00000007af400000,0x00000007af400000)
  from space 11776K, 0% used [0x00000007af400000,0x00000007af400000,0x00000007aff80000)
  to   space 11264K, 0% used [0x00000007bf400000,0x00000007bf400000,0x00000007bff00000)
 ParOldGen       total 71680K, used 18693K [0x0000000740000000, 0x0000000744600000, 0x0000000795580000)
  object space 71680K, 26% used [0x0000000740000000,0x0000000741241798,0x0000000744600000)
 Metaspace       used 27994K, capacity 28666K, committed 28928K, reserved 1075200K
  class space    used 3340K, capacity 3513K, committed 3584K, reserved 1048576K
Event: 17.764 GC heap after
Heap after GC invocations=13 (full 1):
 PSYoungGen      total 577536K, used 11250K [0x0000000795580000, 0x00000007bff00000, 0x00000007c0000000)
  eden space 566272K, 0% used [0x0000000795580000,0x0000000795580000,0x00000007b7e80000)
  from space 11264K, 99% used [0x00000007bf400000,0x00000007bfefca88,0x00000007bff00000)
  to   space 14848K, 0% used [0x00000007be200000,0x00000007be200000,0x00000007bf080000)
 ParOldGen       total 71680K, used 23241K [0x0000000740000000, 0x0000000744600000, 0x0000000795580000)
  object space 71680K, 32% used [0x0000000740000000,0x00000007416b24f0,0x0000000744600000)
 Metaspace       used 27994K, capacity 28666K, committed 28928K, reserved 1075200K
  class space    used 3340K, capacity 3513K, committed 3584K, reserved 1048576K
}

Deoptimization events (10 events):
Event: 17.651 Thread 0x00007fc41c85f800 Uncommon trap: reason=class_check action=maybe_recompile pc=0x000000010ca93e38 method=org.reflections.Store.get(Ljava/lang/String;Ljava/lang/Iterable;)Ljava/lang/Iterable; @ 17
Event: 17.651 Thread 0x00007fc41c85f800 Uncommon trap: reason=class_check action=maybe_recompile pc=0x000000010ca93e38 method=org.reflections.Store.get(Ljava/lang/String;Ljava/lang/Iterable;)Ljava/lang/Iterable; @ 17
Event: 17.662 Thread 0x00007fc41c85f800 Uncommon trap: reason=class_check action=maybe_recompile pc=0x000000010c7dd3a4 method=com.google.common.collect.Iterators$ConcatenatedIterator.next()Ljava/lang/Object; @ 19
Event: 17.662 Thread 0x00007fc41c85f800 Uncommon trap: reason=class_check action=maybe_recompile pc=0x000000010c7dd3a4 method=com.google.common.collect.Iterators$ConcatenatedIterator.next()Ljava/lang/Object; @ 19
Event: 17.662 Thread 0x00007fc41c85f800 Uncommon trap: reason=class_check action=maybe_recompile pc=0x000000010c7dd3a4 method=com.google.common.collect.Iterators$ConcatenatedIterator.next()Ljava/lang/Object; @ 19
Event: 17.662 Thread 0x00007fc41c85f800 Uncommon trap: reason=class_check action=maybe_recompile pc=0x000000010c7dd3a4 method=com.google.common.collect.Iterators$ConcatenatedIterator.next()Ljava/lang/Object; @ 19
Event: 17.915 Thread 0x00007fc41c85f800 Uncommon trap: reason=unstable_if action=reinterpret pc=0x000000010c62c2f0 method=com.google.common.collect.AbstractMapBasedMultimap.put(Ljava/lang/Object;Ljava/lang/Object;)Z @ 75
Event: 17.915 Thread 0x00007fc41c85f800 Uncommon trap: reason=class_check action=maybe_recompile pc=0x000000010ca93e38 method=org.reflections.Store.get(Ljava/lang/String;Ljava/lang/Iterable;)Ljava/lang/Iterable; @ 17
Event: 17.915 Thread 0x00007fc41c85f800 Uncommon trap: reason=class_check action=maybe_recompile pc=0x000000010ca93e38 method=org.reflections.Store.get(Ljava/lang/String;Ljava/lang/Iterable;)Ljava/lang/Iterable; @ 17
Event: 17.993 Thread 0x00007fc41e491800 Uncommon trap: reason=unstable_if action=reinterpret pc=0x000000010c8aab38 method=java.lang.reflect.Executable.declaredAnnotations()Ljava/util/Map; @ 19

Classes redefined (0 events):
No events

Internal exceptions (10 events):
Event: 12.545 Thread 0x00007fc41c85f800 Implicit null exception at 0x000000010c5a1280 to 0x000000010c5a15c9
Event: 12.546 Thread 0x00007fc41c85f800 Exception <a 'java/lang/NoClassDefFoundError': org/slf4j/impl/StaticLoggerBinder> (0x0000000799125f68) thrown at [/Users/tester/jenkins/workspace/zulu8-build-macosx/zulu-src/hotspot/src/share/vm/classfile/systemDictionary.cpp, line 209]
Event: 14.773 Thread 0x00007fc41e491800 Exception <a 'java/lang/NoSuchMethodError': java.lang.Object.lambda$comparing$77a9974f$1(Ljava/util/function/Function;Ljava/lang/Object;Ljava/lang/Object;)I> (0x000000079a2ccd10) thrown at [/Users/tester/jenkins/workspace/zulu8-build-macosx/zulu-src/hotsp
Event: 14.987 Thread 0x00007fc41e491800 Implicit null exception at 0x000000010c8bf1bb to 0x000000010c8bf395
Event: 15.117 Thread 0x00007fc41e491800 Implicit null exception at 0x000000010c63ce58 to 0x000000010c63cee6
Event: 15.118 Thread 0x00007fc41e491800 Implicit null exception at 0x000000010c43c46f to 0x000000010c43c4d9
Event: 15.234 Thread 0x00007fc41e491800 Exception <a 'java/lang/IncompatibleClassChangeError': Found class java.lang.Object, but interface was expected> (0x000000079a882678) thrown at [/Users/tester/jenkins/workspace/zulu8-build-macosx/zulu-src/hotspot/src/share/vm/interpreter/linkResolver.cpp,
Event: 17.206 Thread 0x00007fc41c85f800 Exception <a 'java/lang/IncompatibleClassChangeError': Found class java.lang.Object, but interface was expected> (0x00000007a9aa1750) thrown at [/Users/tester/jenkins/workspace/zulu8-build-macosx/zulu-src/hotspot/src/share/vm/interpreter/linkResolver.cpp,
Event: 17.360 Thread 0x00007fc41e491800 Exception <a 'java/lang/IncompatibleClassChangeError': Found class java.lang.Object, but interface was expected> (0x00000007aad7f820) thrown at [/Users/tester/jenkins/workspace/zulu8-build-macosx/zulu-src/hotspot/src/share/vm/interpreter/linkResolver.cpp,
Event: 17.369 Thread 0x00007fc41e491800 Exception <a 'java/lang/IncompatibleClassChangeError': Found class java.lang.Object, but interface was expected> (0x00000007aada0898) thrown at [/Users/tester/jenkins/workspace/zulu8-build-macosx/zulu-src/hotspot/src/share/vm/interpreter/linkResolver.cpp,

Events (10 events):
Event: 17.999 loading class com/workday/wcpui/api/UserDetails
Event: 17.999 loading class com/workday/wcpui/api/UserDetails done
Event: 18.010 loading class com/workday/wcpui/pmd/el/BindingContext
Event: 18.010 loading class com/workday/wcpui/pmd/el/BindingContext done
Event: 18.014 loading class com/workday/wcpui/pmd/script/proxy/ImageProxy
Event: 18.014 loading class com/workday/wcpui/pmd/script/proxy/ImageProxy done
Event: 18.171 Executing VM operation: RevokeBias
Event: 18.372 Executing VM operation: RevokeBias done
Event: 18.373 loading class com/workday/wcpui/pmd/script/proxy/TextProxy
Event: 18.373 loading class com/workday/wcpui/pmd/script/proxy/TextProxy done


Dynamic libraries:
0x00007ff828457000 	/System/Library/Frameworks/Cocoa.framework/Versions/A/Cocoa
0x00007ff814295000 	/System/Library/Frameworks/AppKit.framework/Versions/C/AppKit
0x00007ff817782000 	/System/Library/Frameworks/CoreData.framework/Versions/A/CoreData
0x00007ff8126b0000 	/System/Library/Frameworks/Foundation.framework/Versions/C/Foundation
0x00007ff81c5f7000 	/usr/lib/libSystem.B.dylib
0x00007ff815122000 	/System/Library/PrivateFrameworks/UIFoundation.framework/Versions/A/UIFoundation
0x00007ff82242f000 	/System/Library/PrivateFrameworks/RemoteViewServices.framework/Versions/A/RemoteViewServices
0x00007ff81a7a3000 	/System/Library/PrivateFrameworks/XCTTargetBootstrap.framework/Versions/A/XCTTargetBootstrap
0x00007ff81e406000 	/System/Library/PrivateFrameworks/InternationalSupport.framework/Versions/A/InternationalSupport
0x00007ff81e490000 	/System/Library/PrivateFrameworks/UserActivity.framework/Versions/A/UserActivity
0x00007ff81d7e6000 	/usr/lib/libspindump.dylib
0x00007ff8153b0000 	/System/Library/Frameworks/UniformTypeIdentifiers.framework/Versions/A/UniformTypeIdentifiers
0x00007ff818ee2000 	/usr/lib/libapp_launch_measurement.dylib
0x00007ff81814c000 	/System/Library/PrivateFrameworks/CoreAnalytics.framework/Versions/A/CoreAnalytics
0x00007ff818ee5000 	/System/Library/PrivateFrameworks/CoreAutoLayout.framework/Versions/A/CoreAutoLayout
0x00007ff81a104000 	/System/Library/Frameworks/Metal.framework/Versions/A/Metal
0x00007ff81ae19000 	/usr/lib/liblangid.dylib
0x00007ff81a7a7000 	/System/Library/PrivateFrameworks/CoreSVG.framework/Versions/A/CoreSVG
0x00007ff816772000 	/System/Library/PrivateFrameworks/SkyLight.framework/Versions/A/SkyLight
0x00007ff816b03000 	/System/Library/Frameworks/CoreGraphics.framework/Versions/A/CoreGraphics
0x00007ff822a9a000 	/System/Library/Frameworks/Accelerate.framework/Versions/A/Accelerate
0x00007ff81d261000 	/System/Library/PrivateFrameworks/IconServices.framework/Versions/A/IconServices
0x00007ff81a0e9000 	/System/Library/Frameworks/IOSurface.framework/Versions/A/IOSurface
0x00007ff81817a000 	/usr/lib/libDiagnosticMessagesClient.dylib
0x00007ff81c517000 	/usr/lib/libz.1.dylib
0x00007ff8260f9000 	/System/Library/Frameworks/ApplicationServices.framework/Versions/A/ApplicationServices
0x00007ff81a78f000 	/System/Library/PrivateFrameworks/DFRFoundation.framework/Versions/A/DFRFoundation
0x00007ff813b86000 	/usr/lib/libicucore.A.dylib
0x00007ff81f128000 	/System/Library/Frameworks/AudioToolbox.framework/Versions/A/AudioToolbox
0x00007ff81e412000 	/System/Library/PrivateFrameworks/DataDetectorsCore.framework/Versions/A/DataDetectorsCore
0x00007ff919c58000 	/System/Library/PrivateFrameworks/TextInput.framework/Versions/A/TextInput
0x00007ff8166f5000 	/usr/lib/libMobileGestalt.dylib
0x00007ff81a497000 	/System/Library/Frameworks/Carbon.framework/Versions/A/Frameworks/HIToolbox.framework/Versions/A/HIToolbox
0x00007ff818910000 	/System/Library/Frameworks/QuartzCore.framework/Versions/A/QuartzCore
0x00007ff813827000 	/System/Library/Frameworks/Security.framework/Versions/A/Security
0x00007ff822467000 	/System/Library/Frameworks/Carbon.framework/Versions/A/Frameworks/SpeechRecognition.framework/Versions/A/SpeechRecognition
0x00007ff818c42000 	/System/Library/PrivateFrameworks/CoreUI.framework/Versions/A/CoreUI
0x00007ff813101000 	/System/Library/Frameworks/CoreAudio.framework/Versions/A/CoreAudio
0x00007ff818268000 	/System/Library/Frameworks/DiskArbitration.framework/Versions/A/DiskArbitration
0x00007ff81dbcd000 	/System/Library/PrivateFrameworks/MultitouchSupport.framework/Versions/A/MultitouchSupport
0x00007ff8166f4000 	/usr/lib/libenergytrace.dylib
0x00007ff814181000 	/System/Library/Frameworks/IOKit.framework/Versions/A/IOKit
0x00007ff822851000 	/System/Library/Frameworks/CoreServices.framework/Versions/A/CoreServices
0x00007ff818e7c000 	/System/Library/PrivateFrameworks/PerformanceAnalysis.framework/Versions/A/PerformanceAnalysis
0x00007ffa29219000 	/System/Library/Frameworks/OpenGL.framework/Versions/A/OpenGL
0x00007ff81bb4f000 	/System/Library/PrivateFrameworks/MobileKeyBag.framework/Versions/A/MobileKeyBag
0x00007ff811671000 	/usr/lib/libobjc.A.dylib
0x00007ff8171cf000 	/System/Library/Frameworks/ColorSync.framework/Versions/A/ColorSync
0x00007ff81182a000 	/System/Library/Frameworks/CoreFoundation.framework/Versions/A/CoreFoundation
0x00007ff81aa20000 	/System/Library/Frameworks/CoreImage.framework/Versions/A/CoreImage
0x00007ff812f17000 	/System/Library/Frameworks/CoreText.framework/Versions/A/CoreText
0x00007ff81a7d6000 	/System/Library/Frameworks/ImageIO.framework/Versions/A/ImageIO
0x00007ff81c5fd000 	/System/Library/PrivateFrameworks/SoftLinking.framework/Versions/A/SoftLinking
0x00007ff818f2d000 	/usr/lib/libxml2.2.dylib
0x00007ff811737000 	/usr/lib/libc++.1.dylib
0x00007ff81c880000 	/usr/lib/libcompression.dylib
0x00007ff81e33c000 	/System/Library/PrivateFrameworks/TextureIO.framework/Versions/A/TextureIO
0x00007ff81cf73000 	/usr/lib/libate.dylib
0x00007ff81c5f2000 	/usr/lib/system/libcache.dylib
0x00007ff81c5ae000 	/usr/lib/system/libcommonCrypto.dylib
0x00007ff81c5d7000 	/usr/lib/system/libcompiler_rt.dylib
0x00007ff81c5cd000 	/usr/lib/system/libcopyfile.dylib
0x00007ff81156b000 	/usr/lib/system/libcorecrypto.dylib
0x00007ff81162a000 	/usr/lib/system/libdispatch.dylib
0x00007ff8117e9000 	/usr/lib/system/libdyld.dylib
0x00007ff81c5e9000 	/usr/lib/system/libkeymgr.dylib
0x00007ff81c58c000 	/usr/lib/system/libmacho.dylib
0x00007ff81bc23000 	/usr/lib/system/libquarantine.dylib
0x00007ff81c5e7000 	/usr/lib/system/libremovefile.dylib
0x00007ff816741000 	/usr/lib/system/libsystem_asl.dylib
0x00007ff811519000 	/usr/lib/system/libsystem_blocks.dylib
0x00007ff8116ae000 	/usr/lib/system/libsystem_c.dylib
0x00007ff81c5df000 	/usr/lib/system/libsystem_collections.dylib
0x00007ff81ae0a000 	/usr/lib/system/libsystem_configuration.dylib
0x00007ff81a0cc000 	/usr/lib/system/libsystem_containermanager.dylib
0x00007ff81c2cb000 	/usr/lib/system/libsystem_coreservices.dylib
0x00007ff813e0f000 	/usr/lib/system/libsystem_darwin.dylib
0x00007ff81c5ea000 	/usr/lib/system/libsystem_dnssd.dylib
0x00007ff8116ab000 	/usr/lib/system/libsystem_featureflags.dylib
0x00007ff8117ff000 	/usr/lib/system/libsystem_info.dylib
0x00007ff81c52a000 	/usr/lib/system/libsystem_m.dylib
0x00007ff8115fe000 	/usr/lib/system/libsystem_malloc.dylib
0x00007ff8166de000 	/usr/lib/system/libsystem_networkextension.dylib
0x00007ff814237000 	/usr/lib/system/libsystem_notify.dylib
0x00007ff822728000 	/usr/lib/system/libsystem_product_info_filter.dylib
0x00007ff81ae0e000 	/usr/lib/system/libsystem_sandbox.dylib
0x00007ff81c5e4000 	/usr/lib/system/libsystem_secinit.dylib
0x00007ff8117a6000 	/usr/lib/system/libsystem_kernel.dylib
0x00007ff8117f5000 	/usr/lib/system/libsystem_platform.dylib
0x00007ff8117dd000 	/usr/lib/system/libsystem_pthread.dylib
0x00007ff817f92000 	/usr/lib/system/libsystem_symptoms.dylib
0x00007ff811552000 	/usr/lib/system/libsystem_trace.dylib
0x00007ff81c5ba000 	/usr/lib/system/libunwind.dylib
0x00007ff81151b000 	/usr/lib/system/libxpc.dylib
0x00007ff811790000 	/usr/lib/libc++abi.dylib
0x00007ff81c5c5000 	/usr/lib/liboah.dylib
0x00007ff81cd51000 	/usr/lib/liblzma.5.dylib
0x00007ff8123c1000 	/System/Library/Frameworks/SystemConfiguration.framework/Versions/A/SystemConfiguration
0x00007ff81c5f9000 	/usr/lib/libfakelink.dylib
0x00007ff816248000 	/System/Library/Frameworks/CFNetwork.framework/Versions/A/CFNetwork
0x00007ff81c738000 	/usr/lib/libarchive.2.dylib
0x00007ff81ae15000 	/System/Library/PrivateFrameworks/AppleSystemInfo.framework/Versions/A/AppleSystemInfo
0x00007ff81bc49000 	/usr/lib/libbsm.0.dylib
0x00007ff81587f000 	/usr/lib/libnetwork.dylib
0x00007ff81c592000 	/usr/lib/system/libkxld.dylib
0x00007ff81b878000 	/System/Library/PrivateFrameworks/IOMobileFramebuffer.framework/Versions/A/IOMobileFramebuffer
0x00007ffb26d02000 	/usr/lib/libCoreEntitlements.dylib
0x00007ff81c2ad000 	/System/Library/PrivateFrameworks/AppleFSCompression.framework/Versions/A/AppleFSCompression
0x00007ff81bc32000 	/usr/lib/libcoretls.dylib
0x00007ff81cd6b000 	/usr/lib/libcoretls_cfhelpers.dylib
0x00007ff81c87b000 	/usr/lib/libpam.2.dylib
0x00007ff817bb4000 	/usr/lib/libsqlite3.dylib
0x00007ff81cdda000 	/usr/lib/libxar.1.dylib
0x00007ff81c2bd000 	/usr/lib/libbz2.1.0.dylib
0x00007ff81c5fe000 	/usr/lib/libpcap.A.dylib
0x00007ff817f89000 	/usr/lib/libdns_services.dylib
0x00007ff81c84a000 	/usr/lib/libapple_nghttp2.dylib
0x00007ff81c635000 	/usr/lib/libiconv.2.dylib
0x00007ff81c58b000 	/usr/lib/libcharset.1.dylib
0x00007ff818eb0000 	/System/Library/Frameworks/CoreServices.framework/Versions/A/Frameworks/FSEvents.framework/Versions/A/FSEvents
0x00007ff813e19000 	/System/Library/Frameworks/CoreServices.framework/Versions/A/Frameworks/CarbonCore.framework/Versions/A/CarbonCore
0x00007ff8181cd000 	/System/Library/Frameworks/CoreServices.framework/Versions/A/Frameworks/Metadata.framework/Versions/A/Metadata
0x00007ff81c2d0000 	/System/Library/Frameworks/CoreServices.framework/Versions/A/Frameworks/OSServices.framework/Versions/A/OSServices
0x00007ff81c7be000 	/System/Library/Frameworks/CoreServices.framework/Versions/A/Frameworks/SearchKit.framework/Versions/A/SearchKit
0x00007ff817f1b000 	/System/Library/Frameworks/CoreServices.framework/Versions/A/Frameworks/AE.framework/Versions/A/AE
0x00007ff811d2d000 	/System/Library/Frameworks/CoreServices.framework/Versions/A/Frameworks/LaunchServices.framework/Versions/A/LaunchServices
0x00007ff81cd02000 	/System/Library/Frameworks/CoreServices.framework/Versions/A/Frameworks/DictionaryServices.framework/Versions/A/DictionaryServices
0x00007ff818ebd000 	/System/Library/Frameworks/CoreServices.framework/Versions/A/Frameworks/SharedFileList.framework/Versions/A/SharedFileList
0x00007ff81bc26000 	/usr/lib/libCheckFix.dylib
0x00007ff816758000 	/System/Library/PrivateFrameworks/TCC.framework/Versions/A/TCC
0x00007ff81ae1b000 	/System/Library/PrivateFrameworks/CoreNLP.framework/Versions/A/CoreNLP
0x00007ff81817d000 	/System/Library/PrivateFrameworks/MetadataUtilities.framework/Versions/A/MetadataUtilities
0x00007ff812471000 	/usr/lib/libmecabra.dylib
0x00007ff81bc59000 	/usr/lib/libmecab.dylib
0x00007ff81243c000 	/usr/lib/libCRFSuite.dylib
0x00007ff81bcb6000 	/usr/lib/libgermantok.dylib
0x00007ff81c825000 	/usr/lib/libThaiTokenizer.dylib
0x00007ff81826f000 	/System/Library/Frameworks/Accelerate.framework/Versions/A/Frameworks/vImage.framework/Versions/A/vImage
0x00007ff822828000 	/System/Library/Frameworks/Accelerate.framework/Versions/A/Frameworks/vecLib.framework/Versions/A/vecLib
0x00007ff81ce1b000 	/System/Library/Frameworks/Accelerate.framework/Versions/A/Frameworks/vecLib.framework/Versions/A/libvMisc.dylib
0x00007ff81b696000 	/System/Library/Frameworks/Accelerate.framework/Versions/A/Frameworks/vecLib.framework/Versions/A/libvDSP.dylib
0x00007ff8120a5000 	/System/Library/Frameworks/Accelerate.framework/Versions/A/Frameworks/vecLib.framework/Versions/A/libBLAS.dylib
0x00007ff81c95c000 	/System/Library/Frameworks/Accelerate.framework/Versions/A/Frameworks/vecLib.framework/Versions/A/libLAPACK.dylib
0x00007ff81bcb9000 	/System/Library/Frameworks/Accelerate.framework/Versions/A/Frameworks/vecLib.framework/Versions/A/libLinearAlgebra.dylib
0x00007ff81c863000 	/System/Library/Frameworks/Accelerate.framework/Versions/A/Frameworks/vecLib.framework/Versions/A/libSparseBLAS.dylib
0x00007ff81c956000 	/System/Library/Frameworks/Accelerate.framework/Versions/A/Frameworks/vecLib.framework/Versions/A/libQuadrature.dylib
0x00007ff81af05000 	/System/Library/Frameworks/Accelerate.framework/Versions/A/Frameworks/vecLib.framework/Versions/A/libBNNS.dylib
0x00007ff812352000 	/System/Library/Frameworks/Accelerate.framework/Versions/A/Frameworks/vecLib.framework/Versions/A/libSparse.dylib
0x00007ff81aefe000 	/System/Library/PrivateFrameworks/LinguisticData.framework/Versions/A/LinguisticData
0x00007ff812307000 	/System/Library/PrivateFrameworks/Lexicon.framework/Versions/A/Lexicon
0x00007ff81ce14000 	/usr/lib/libChineseTokenizer.dylib
0x00007ff812a6b000 	/System/Library/PrivateFrameworks/LanguageModeling.framework/Versions/A/LanguageModeling
0x00007ff81c827000 	/System/Library/PrivateFrameworks/AppleSauce.framework/Versions/A/AppleSauce
0x00007ff81b866000 	/System/Library/PrivateFrameworks/CoreEmoji.framework/Versions/A/CoreEmoji
0x00007ff81c727000 	/usr/lib/libcmph.dylib
0x00007ff818e94000 	/System/Library/Frameworks/OpenDirectory.framework/Versions/A/Frameworks/CFOpenDirectory.framework/Versions/A/CFOpenDirectory
0x00007ff818e88000 	/System/Library/Frameworks/OpenDirectory.framework/Versions/A/OpenDirectory
0x00007ff81cd6d000 	/System/Library/PrivateFrameworks/APFS.framework/Versions/A/APFS
0x00007ff81bb87000 	/System/Library/Frameworks/SecurityFoundation.framework/Versions/A/SecurityFoundation
0x00007ff81cde8000 	/usr/lib/libutil.dylib
0x00007ff814144000 	/System/Library/PrivateFrameworks/CoreServicesStore.framework/Versions/A/CoreServicesStore
0x00007ff81cdec000 	/usr/lib/libxslt.1.dylib
0x00007ff81bc14000 	/System/Library/PrivateFrameworks/BackgroundTaskManagement.framework/Versions/A/BackgroundTaskManagement
0x00007ff81e25c000 	/System/Library/Frameworks/ImageIO.framework/Versions/A/Resources/libRadiance.dylib
0x00007ff81e265000 	/System/Library/Frameworks/ImageIO.framework/Versions/A/Resources/libJPEG.dylib
0x00007ff81e1b5000 	/System/Library/Frameworks/ImageIO.framework/Versions/A/Resources/libPng.dylib
0x00007ff81e1d6000 	/System/Library/Frameworks/ImageIO.framework/Versions/A/Resources/libTIFF.dylib
0x00007ff81e2c5000 	/System/Library/Frameworks/ImageIO.framework/Versions/A/Resources/libGIF.dylib
0x00007ff81dae6000 	/System/Library/Frameworks/ImageIO.framework/Versions/A/Resources/libJP2.dylib
0x00007ff81d228000 	/usr/lib/libexpat.1.dylib
0x00007ff81da9b000 	/System/Library/PrivateFrameworks/AppleJPEG.framework/Versions/A/AppleJPEG
0x00007ff81a35e000 	/System/Library/PrivateFrameworks/FontServices.framework/libFontParser.dylib
0x00007ff817ec5000 	/System/Library/PrivateFrameworks/RunningBoardServices.framework/Versions/A/RunningBoardServices
0x00007ff8289c8000 	/System/Library/PrivateFrameworks/IOSurfaceAccelerator.framework/Versions/A/IOSurfaceAccelerator
0x00007ff81dbc9000 	/System/Library/PrivateFrameworks/WatchdogClient.framework/Versions/A/WatchdogClient
0x00007ff812b5a000 	/System/Library/Frameworks/CoreDisplay.framework/Versions/A/CoreDisplay
0x00007ff81a25e000 	/System/Library/Frameworks/CoreMedia.framework/Versions/A/CoreMedia
0x00007ff81a0fb000 	/System/Library/PrivateFrameworks/IOAccelerator.framework/Versions/A/IOAccelerator
0x00007ff819010000 	/System/Library/Frameworks/CoreVideo.framework/Versions/A/CoreVideo
0x00007ff81c879000 	/System/Library/Frameworks/MetalPerformanceShaders.framework/Versions/A/MetalPerformanceShaders
0x00007ff81dc04000 	/System/Library/Frameworks/VideoToolbox.framework/Versions/A/VideoToolbox
0x00007ff817e0d000 	/System/Library/PrivateFrameworks/BaseBoard.framework/Versions/A/BaseBoard
0x00007ff817b9a000 	/System/Library/PrivateFrameworks/ProtocolBuffer.framework/Versions/A/ProtocolBuffer
0x00007ff81e255000 	/System/Library/PrivateFrameworks/GPUWrangler.framework/Versions/A/GPUWrangler
0x00007ff81e238000 	/System/Library/PrivateFrameworks/IOPresentment.framework/Versions/A/IOPresentment
0x00007ff81e25f000 	/System/Library/PrivateFrameworks/DSExternalDisplay.framework/Versions/A/DSExternalDisplay
0x00007ffa2920d000 	/System/Library/Frameworks/OpenGL.framework/Versions/A/Libraries/libCoreFSCache.dylib
0x00007ffb15301000 	/System/Library/PrivateFrameworks/GPUCompiler.framework/Versions/31001/Libraries/libGPUCompilerUtils.dylib
0x00007ff81e2ca000 	/System/Library/PrivateFrameworks/CMCaptureCore.framework/Versions/A/CMCaptureCore
0x00007ff81d7d4000 	/System/Library/PrivateFrameworks/AppServerSupport.framework/Versions/A/AppServerSupport
0x00007ff81f9a5000 	/System/Library/PrivateFrameworks/perfdata.framework/Versions/A/perfdata
0x00007ff812c86000 	/System/Library/PrivateFrameworks/AudioToolboxCore.framework/Versions/A/AudioToolboxCore
0x00007ff81a23b000 	/System/Library/PrivateFrameworks/caulk.framework/Versions/A/caulk
0x00007ff81f2d2000 	/usr/lib/libAudioStatistics.dylib
0x00007ff916517000 	/System/Library/PrivateFrameworks/SystemPolicy.framework/Versions/A/SystemPolicy
0x00007ff81f51e000 	/usr/lib/libSMC.dylib
0x00007ff82830a000 	/System/Library/Frameworks/CoreMIDI.framework/Versions/A/CoreMIDI
0x00007ff81e185000 	/usr/lib/libAudioToolboxUtility.dylib
0x00007ff91299f000 	/System/Library/PrivateFrameworks/OSAServicesClient.framework/Versions/A/OSAServicesClient
0x00007ff81f9b2000 	/usr/lib/libperfcheck.dylib
0x00007ff916fa3000 	/usr/lib/libmis.dylib
0x00007ffa29269000 	/System/Library/Frameworks/OpenGL.framework/Versions/A/Libraries/libGLU.dylib
0x00007ffa2922c000 	/System/Library/Frameworks/OpenGL.framework/Versions/A/Libraries/libGFXShared.dylib
0x00007ffa2943a000 	/System/Library/Frameworks/OpenGL.framework/Versions/A/Libraries/libGL.dylib
0x00007ffa29235000 	/System/Library/Frameworks/OpenGL.framework/Versions/A/Libraries/libGLImage.dylib
0x00007ffa29229000 	/System/Library/Frameworks/OpenGL.framework/Versions/A/Libraries/libCVMSPluginSupport.dylib
0x00007ffa29214000 	/System/Library/Frameworks/OpenGL.framework/Versions/A/Libraries/libCoreVMClient.dylib
0x00007ff81ad99000 	/System/Library/Frameworks/MetalPerformanceShaders.framework/Versions/A/Frameworks/MPSCore.framework/Versions/A/MPSCore
0x00007ff81c218000 	/System/Library/Frameworks/MetalPerformanceShaders.framework/Versions/A/Frameworks/MPSImage.framework/Versions/A/MPSImage
0x00007ff81bccf000 	/System/Library/Frameworks/MetalPerformanceShaders.framework/Versions/A/Frameworks/MPSNeuralNetwork.framework/Versions/A/MPSNeuralNetwork
0x00007ff81c144000 	/System/Library/Frameworks/MetalPerformanceShaders.framework/Versions/A/Frameworks/MPSMatrix.framework/Versions/A/MPSMatrix
0x00007ff81bf00000 	/System/Library/Frameworks/MetalPerformanceShaders.framework/Versions/A/Frameworks/MPSRayIntersector.framework/Versions/A/MPSRayIntersector
0x00007ff81c17d000 	/System/Library/Frameworks/MetalPerformanceShaders.framework/Versions/A/Frameworks/MPSNDArray.framework/Versions/A/MPSNDArray
0x00007ffa2de12000 	/System/Library/Frameworks/MetalPerformanceShaders.framework/Versions/A/Frameworks/MPSFunctions.framework/Versions/A/MPSFunctions
0x00007ff811f88000 	/System/Library/PrivateFrameworks/MetalTools.framework/Versions/A/MetalTools
0x00007ff81ae13000 	/System/Library/PrivateFrameworks/AggregateDictionary.framework/Versions/A/AggregateDictionary
0x00007ff81d00a000 	/usr/lib/libIOReport.dylib
0x00007ffa2a849000 	/System/Library/Frameworks/OpenCL.framework/Versions/A/OpenCL
0x00007ff81d36e000 	/System/Library/PrivateFrameworks/FaceCore.framework/Versions/A/FaceCore
0x00007ff81d35f000 	/System/Library/PrivateFrameworks/GraphVisualizer.framework/Versions/A/GraphVisualizer
0x00007ffb1520c000 	/System/Library/PrivateFrameworks/FontServices.framework/Versions/A/FontServices
0x00007ff81d78b000 	/System/Library/PrivateFrameworks/OTSVG.framework/Versions/A/OTSVG
0x00007ff818bf8000 	/System/Library/Frameworks/ApplicationServices.framework/Versions/A/Frameworks/ATS.framework/Versions/A/Resources/libFontRegistry.dylib
0x00007ff81d7dc000 	/System/Library/PrivateFrameworks/FontServices.framework/libhvf.dylib
0x00007ffb1520d000 	/System/Library/PrivateFrameworks/FontServices.framework/libXTFontStaticRegistryData.dylib
0x00007ff81d1d8000 	/System/Library/PrivateFrameworks/AppleVA.framework/Versions/A/AppleVA
0x00007ff81f2f2000 	/System/Library/Frameworks/ApplicationServices.framework/Versions/A/Frameworks/ATS.framework/Versions/A/ATS
0x00007ff8172cb000 	/System/Library/Frameworks/ApplicationServices.framework/Versions/A/Frameworks/HIServices.framework/Versions/A/HIServices
0x00007ff81e2d4000 	/System/Library/Frameworks/ApplicationServices.framework/Versions/A/Frameworks/PrintCore.framework/Versions/A/PrintCore
0x00007ff81f671000 	/System/Library/Frameworks/ApplicationServices.framework/Versions/A/Frameworks/QD.framework/Versions/A/QD
0x00007ff81f669000 	/System/Library/Frameworks/ApplicationServices.framework/Versions/A/Frameworks/ColorSyncLegacy.framework/Versions/A/ColorSyncLegacy
0x00007ff81f2e2000 	/System/Library/Frameworks/ApplicationServices.framework/Versions/A/Frameworks/SpeechSynthesis.framework/Versions/A/SpeechSynthesis
0x00007ff81e295000 	/System/Library/Frameworks/ApplicationServices.framework/Versions/A/Frameworks/ATSUI.framework/Versions/A/ATSUI
0x00007ff81f5fe000 	/usr/lib/libcups.2.dylib
0x00007ff81f9c1000 	/System/Library/Frameworks/Kerberos.framework/Versions/A/Kerberos
0x00007ff81f9d0000 	/System/Library/Frameworks/GSS.framework/Versions/A/GSS
0x00007ff81f35e000 	/usr/lib/libresolv.9.dylib
0x00007ff81d7eb000 	/System/Library/PrivateFrameworks/Heimdal.framework/Versions/A/Heimdal
0x00007ff826474000 	/System/Library/Frameworks/Kerberos.framework/Versions/A/Libraries/libHeimdalProxy.dylib
0x00007ff817f9a000 	/System/Library/Frameworks/Network.framework/Versions/A/Network
0x00007ff81d242000 	/usr/lib/libheimdal-asn1.dylib
0x00007ff81fa1b000 	/System/Library/PrivateFrameworks/CommonAuth.framework/Versions/A/CommonAuth
0x00007ff81f263000 	/System/Library/PrivateFrameworks/AudioSession.framework/Versions/A/AudioSession
0x00007ff81d2d2000 	/System/Library/PrivateFrameworks/MediaExperience.framework/Versions/A/MediaExperience
0x00007ff81f0f7000 	/System/Library/PrivateFrameworks/AudioSession.framework/libSessionUtility.dylib
0x00007ff81f67d000 	/System/Library/PrivateFrameworks/AudioResourceArbitration.framework/Versions/A/AudioResourceArbitration
0x00007ff81d24b000 	/System/Library/PrivateFrameworks/IconFoundation.framework/Versions/A/IconFoundation
0x00007ff822457000 	/System/Library/PrivateFrameworks/SpeechRecognitionCore.framework/Versions/A/SpeechRecognitionCore
0x0000000104252000 	/Library/Java/JavaVirtualMachines/zulu-8.jdk/Contents/Home/jre/lib/server/libjvm.dylib
0x0000000103462000 	/Library/Java/JavaVirtualMachines/zulu-8.jdk/Contents/Home/jre/lib/libverify.dylib
0x00000001034b6000 	/Library/Java/JavaVirtualMachines/zulu-8.jdk/Contents/Home/jre/lib/libjava.dylib
0x0000000103508000 	/Library/Java/JavaVirtualMachines/zulu-8.jdk/Contents/Home/jre/lib/libzip.dylib
0x00000001041ae000 	/Library/Java/JavaVirtualMachines/zulu-8.jdk/Contents/Home/jre/lib/libnio.dylib
0x00000001041e6000 	/Library/Java/JavaVirtualMachines/zulu-8.jdk/Contents/Home/jre/lib/libnet.dylib

VM Arguments:
java_command: /Users/leonardo_amorim/Library/Application Support/JetBrains/Toolbox/apps/IDEA-C/ch-0/213.5744.223/IntelliJ IDEA CE.app.plugins/sage/lib/pmd-ls-all-v1.101.0.jar
java_class_path (initial): /Users/leonardo_amorim/Library/Application Support/JetBrains/Toolbox/apps/IDEA-C/ch-0/213.5744.223/IntelliJ IDEA CE.app.plugins/sage/lib/pmd-ls-all-v1.101.0.jar
Launcher Type: SUN_STANDARD

Environment Variables:
PATH=/usr/bin:/bin:/usr/sbin:/sbin
SHELL=/bin/bash
DISPLAY=/private/tmp/com.apple.launchd.zC3gvCfoqJ/org.macosforge.xquartz:0

Signal Handlers:
SIGSEGV: [libjvm.dylib+0x5b2935], sa_mask[0]=11111111011111110111111111111111, sa_flags=SA_ONSTACK|SA_RESTART|SA_SIGINFO
SIGBUS: [libjvm.dylib+0x5b2935], sa_mask[0]=11111111011111110111111111111111, sa_flags=SA_RESTART|SA_SIGINFO
SIGFPE: [libjvm.dylib+0x4a1701], sa_mask[0]=11111111011111110111111111111111, sa_flags=SA_RESTART|SA_SIGINFO
SIGPIPE: [libjvm.dylib+0x4a1701], sa_mask[0]=11111111011111110111111111111111, sa_flags=SA_RESTART|SA_SIGINFO
SIGXFSZ: [libjvm.dylib+0x4a1701], sa_mask[0]=11111111011111110111111111111111, sa_flags=SA_RESTART|SA_SIGINFO
SIGILL: [libjvm.dylib+0x4a1701], sa_mask[0]=11111111011111110111111111111111, sa_flags=SA_RESTART|SA_SIGINFO
SIGUSR1: SIG_DFL, sa_mask[0]=00000000000000000000000000000000, sa_flags=none
SIGUSR2: [libjvm.dylib+0x4a1ff0], sa_mask[0]=00100000000000000000000000000000, sa_flags=SA_RESTART|SA_SIGINFO
SIGHUP: [libjvm.dylib+0x4a013f], sa_mask[0]=11111111011111110111111111111111, sa_flags=SA_RESTART|SA_SIGINFO
SIGINT: [libjvm.dylib+0x4a013f], sa_mask[0]=11111111011111110111111111111111, sa_flags=SA_RESTART|SA_SIGINFO
SIGTERM: [libjvm.dylib+0x4a013f], sa_mask[0]=11111111011111110111111111111111, sa_flags=SA_RESTART|SA_SIGINFO
SIGQUIT: [libjvm.dylib+0x4a013f], sa_mask[0]=11111111011111110111111111111111, sa_flags=SA_RESTART|SA_SIGINFO


---------------  S Y S T E M  ---------------

OS:Bsduname:Darwin 21.1.0 Darwin Kernel Version 21.1.0: Wed Oct 13 17:33:23 PDT 2021; root:xnu-8019.41.5~1/RELEASE_X86_64 x86_64
rlimit: STACK 8192k, CORE 0k, NPROC 1392, NOFILE 10240, AS infinity
load average:13.37 46.33 36.18

CPU:total 4 (initial active 4) (2 cores per cpu, 2 threads per core) family 6 model 126 stepping 5, cmov, cx8, fxsr, mmx, sse, sse2, sse3, ssse3, sse4.1, sse4.2, popcnt, avx, avx2, aes, clmul, erms, 3dnowpref, lzcnt, ht, tsc, tscinvbit, bmi1, bmi2, adx

Memory: 4k page, physical 8388608k(57272k free)

/proc/meminfo:


vm_info: OpenJDK 64-Bit Server VM (25.312-b07) for bsd-amd64 JRE (Zulu 8.58.0.13-CA-macosx) (1.8.0_312-b07), built on Oct  8 2021 23:50:25 by "zulu_re" with gcc 4.2.1 Compatible Apple LLVM 11.0.0 (clang-1100.0.33.17)

time: Mon Feb 21 08:53:03 2022
timezone: CET
elapsed time: 18.438987 seconds (0d 0h 0m 18s)

